e:\uni\fggc framework semester 2\debug\dx11 framework.res
e:\uni\fggc framework semester 2\debug\dx11 framework.ilk
e:\uni\fggc framework semester 2\debug\dx11 framework.exe
e:\uni\fggc framework semester 2\debug\dx11 framework.pdb
e:\uni\fggc framework semester 2\debug\vc120.pdb
e:\uni\fggc framework semester 2\debug\vc120.idb
e:\uni\fggc framework semester 2\debug\transform.obj
e:\uni\fggc framework semester 2\debug\particlemodel.obj
e:\uni\fggc framework semester 2\debug\gameobject.obj
e:\uni\fggc framework semester 2\debug\main.obj
e:\uni\fggc framework semester 2\debug\ddstextureloader.obj
e:\uni\fggc framework semester 2\debug\camera.obj
e:\uni\fggc framework semester 2\debug\application.obj
e:\uni\fggc framework semester 2\debug\appearence.obj
e:\uni\fggc framework semester 2\debug\reactionforcegenerator.obj
e:\uni\fggc framework semester 2\debug\frictionforcegenerator.obj
e:\uni\fggc framework semester 2\debug\fluiddragforcegenerator.obj
e:\uni\fggc framework semester 2\debug\xmfloat3methods.obj
e:\uni\fggc framework semester 2\debug\dx11 framework.cso
e:\uni\fggc framework semester 2\debug\dx11 framework.tlog\cl.command.1.tlog
e:\uni\fggc framework semester 2\debug\dx11 framework.tlog\link.command.1.tlog
e:\uni\fggc framework semester 2\debug\dx11 framework.tlog\rc.command.1.tlog
e:\uni\fggc framework semester 2\debug\dx11 framework.tlog\cl.read.1.tlog
e:\uni\fggc framework semester 2\debug\dx11 framework.tlog\link.read.1.tlog
e:\uni\fggc framework semester 2\debug\dx11 framework.tlog\rc.read.1.tlog
e:\uni\fggc framework semester 2\debug\dx11 framework.tlog\rc.write.1.tlog
e:\uni\fggc framework semester 2\debug\dx11 framework.tlog\link.write.1.tlog
e:\uni\fggc framework semester 2\debug\dx11 framework.tlog\cl.write.1.tlog
e:\uni\fggc framework semester 2\debug\dx11 framework.tlog\dx11 framework.write.1u.tlog
